Analysis & Synthesis report for swap
Tue Jul 09 15:01:02 2024
Quartus II Version 9.1 Build 350 03/24/2010 Service Pack 2 SJ Web Edition


---------------------
; Table of Contents ;
---------------------
  1. Legal Notice
  2. Analysis & Synthesis Summary
  3. Analysis & Synthesis Settings
  4. Parallel Compilation
  5. Analysis & Synthesis Source Files Read
  6. Analysis & Synthesis Resource Usage Summary
  7. Analysis & Synthesis Resource Utilization by Entity
  8. General Register Statistics
  9. Parameter Settings for User Entity Instance: shiftr:control
 10. Parameter Settings for User Entity Instance: trin:tri_ext
 11. Parameter Settings for User Entity Instance: regn:reg1
 12. Parameter Settings for User Entity Instance: regn:reg2
 13. Parameter Settings for User Entity Instance: regn:reg3
 14. Parameter Settings for User Entity Instance: trin:tri1
 15. Parameter Settings for User Entity Instance: trin:tri2
 16. Parameter Settings for User Entity Instance: trin:tri3
 17. Analysis & Synthesis Messages



----------------
; Legal Notice ;
----------------
Copyright (C) 1991-2010 Altera Corporation
Your use of Altera Corporation's design tools, logic functions 
and other software and tools, and its AMPP partner logic 
functions, and any output files from any of the foregoing 
(including device programming or simulation files), and any 
associated documentation or information are expressly subject 
to the terms and conditions of the Altera Program License 
Subscription Agreement, Altera MegaCore Function License 
Agreement, or other applicable license agreement, including, 
without limitation, that your use is for the sole purpose of 
programming logic devices manufactured by Altera and sold by 
Altera or its authorized distributors.  Please refer to the 
applicable agreement for further details.



+-----------------------------------------------------------------------------------+
; Analysis & Synthesis Summary                                                      ;
+------------------------------------+----------------------------------------------+
; Analysis & Synthesis Status        ; Successful - Tue Jul 09 15:01:02 2024        ;
; Quartus II Version                 ; 9.1 Build 350 03/24/2010 SP 2 SJ Web Edition ;
; Revision Name                      ; swap                                         ;
; Top-level Entity Name              ; swap                                         ;
; Family                             ; Cyclone II                                   ;
; Total logic elements               ; 55                                           ;
;     Total combinational functions  ; 28                                           ;
;     Dedicated logic registers      ; 27                                           ;
; Total registers                    ; 27                                           ;
; Total pins                         ; 23                                           ;
; Total virtual pins                 ; 0                                            ;
; Total memory bits                  ; 0                                            ;
; Embedded Multiplier 9-bit elements ; 0                                            ;
; Total PLLs                         ; 0                                            ;
+------------------------------------+----------------------------------------------+


+----------------------------------------------------------------------------------------------------------------------+
; Analysis & Synthesis Settings                                                                                        ;
+----------------------------------------------------------------------------+--------------------+--------------------+
; Option                                                                     ; Setting            ; Default Value      ;
+----------------------------------------------------------------------------+--------------------+--------------------+
; Device                                                                     ; EP2C20F484C7       ;                    ;
; Top-level entity name                                                      ; swap               ; swap               ;
; Family name                                                                ; Cyclone II         ; Stratix II         ;
; Use Generated Physical Constraints File                                    ; Off                ;                    ;
; Use smart compilation                                                      ; Off                ; Off                ;
; Enable parallel Assembler and TimeQuest Timing Analyzer during compilation ; On                 ; On                 ;
; Enable compact report table                                                ; Off                ; Off                ;
; Restructure Multiplexers                                                   ; Auto               ; Auto               ;
; Create Debugging Nodes for IP Cores                                        ; Off                ; Off                ;
; Preserve fewer node names                                                  ; On                 ; On                 ;
; Disable OpenCore Plus hardware evaluation                                  ; Off                ; Off                ;
; Verilog Version                                                            ; Verilog_2001       ; Verilog_2001       ;
; VHDL Version                                                               ; VHDL_1993          ; VHDL_1993          ;
; State Machine Processing                                                   ; Auto               ; Auto               ;
; Safe State Machine                                                         ; Off                ; Off                ;
; Extract Verilog State Machines                                             ; On                 ; On                 ;
; Extract VHDL State Machines                                                ; On                 ; On                 ;
; Ignore Verilog initial constructs                                          ; Off                ; Off                ;
; Iteration limit for constant Verilog loops                                 ; 5000               ; 5000               ;
; Iteration limit for non-constant Verilog loops                             ; 250                ; 250                ;
; Add Pass-Through Logic to Inferred RAMs                                    ; On                 ; On                 ;
; Parallel Synthesis                                                         ; On                 ; On                 ;
; DSP Block Balancing                                                        ; Auto               ; Auto               ;
; NOT Gate Push-Back                                                         ; On                 ; On                 ;
; Power-Up Don't Care                                                        ; On                 ; On                 ;
; Remove Redundant Logic Cells                                               ; Off                ; Off                ;
; Remove Duplicate Registers                                                 ; On                 ; On                 ;
; Ignore CARRY Buffers                                                       ; Off                ; Off                ;
; Ignore CASCADE Buffers                                                     ; Off                ; Off                ;
; Ignore GLOBAL Buffers                                                      ; Off                ; Off                ;
; Ignore ROW GLOBAL Buffers                                                  ; Off                ; Off                ;
; Ignore LCELL Buffers                                                       ; Off                ; Off                ;
; Ignore SOFT Buffers                                                        ; On                 ; On                 ;
; Limit AHDL Integers to 32 Bits                                             ; Off                ; Off                ;
; Optimization Technique                                                     ; Balanced           ; Balanced           ;
; Carry Chain Length                                                         ; 70                 ; 70                 ;
; Auto Carry Chains                                                          ; On                 ; On                 ;
; Auto Open-Drain Pins                                                       ; On                 ; On                 ;
; Perform WYSIWYG Primitive Resynthesis                                      ; Off                ; Off                ;
; Auto ROM Replacement                                                       ; On                 ; On                 ;
; Auto RAM Replacement                                                       ; On                 ; On                 ;
; Auto Shift Register Replacement                                            ; Auto               ; Auto               ;
; Auto Clock Enable Replacement                                              ; On                 ; On                 ;
; Strict RAM Replacement                                                     ; Off                ; Off                ;
; Allow Synchronous Control Signals                                          ; On                 ; On                 ;
; Force Use of Synchronous Clear Signals                                     ; Off                ; Off                ;
; Auto RAM to Logic Cell Conversion                                          ; Off                ; Off                ;
; Auto Resource Sharing                                                      ; Off                ; Off                ;
; Allow Any RAM Size For Recognition                                         ; Off                ; Off                ;
; Allow Any ROM Size For Recognition                                         ; Off                ; Off                ;
; Allow Any Shift Register Size For Recognition                              ; Off                ; Off                ;
; Use LogicLock Constraints during Resource Balancing                        ; On                 ; On                 ;
; Ignore translate_off and synthesis_off directives                          ; Off                ; Off                ;
; Timing-Driven Synthesis                                                    ; Off                ; Off                ;
; Show Parameter Settings Tables in Synthesis Report                         ; On                 ; On                 ;
; Ignore Maximum Fan-Out Assignments                                         ; Off                ; Off                ;
; Synchronization Register Chain Length                                      ; 2                  ; 2                  ;
; PowerPlay Power Optimization                                               ; Normal compilation ; Normal compilation ;
; HDL message level                                                          ; Level2             ; Level2             ;
; Suppress Register Optimization Related Messages                            ; Off                ; Off                ;
; Number of Removed Registers Reported in Synthesis Report                   ; 5000               ; 5000               ;
; Number of Inverted Registers Reported in Synthesis Report                  ; 100                ; 100                ;
; Clock MUX Protection                                                       ; On                 ; On                 ;
; Auto Gated Clock Conversion                                                ; Off                ; Off                ;
; Block Design Naming                                                        ; Auto               ; Auto               ;
; SDC constraint protection                                                  ; Off                ; Off                ;
; Synthesis Effort                                                           ; Auto               ; Auto               ;
; Shift Register Replacement - Allow Asynchronous Clear Signal               ; On                 ; On                 ;
; Analysis & Synthesis Message Level                                         ; Medium             ; Medium             ;
; Disable Register Merging Across Hierarchies                                ; Auto               ; Auto               ;
; Resource Aware Inference For Block RAM                                     ; On                 ; On                 ;
+----------------------------------------------------------------------------+--------------------+--------------------+


Parallel compilation was disabled, but you have multiple processors available. Enable parallel compilation to reduce compilation time.
+-------------------------------------+
; Parallel Compilation                ;
+----------------------------+--------+
; Processors                 ; Number ;
+----------------------------+--------+
; Number detected on machine ; 8      ;
; Maximum allowed            ; 1      ;
+----------------------------+--------+


+-----------------------------------------------------------------------------------------------------------------------------------------+
; Analysis & Synthesis Source Files Read                                                                                                  ;
+----------------------------------+-----------------+-----------------+------------------------------------------------------------------+
; File Name with User-Entered Path ; Used in Netlist ; File Type       ; File Name with Absolute Path                                     ;
+----------------------------------+-----------------+-----------------+------------------------------------------------------------------+
; swap.vhd                         ; yes             ; User VHDL File  ; C:/Users/oldfa/Documents/rafids stuff/swapCircuit/swap.vhd       ;
; regn.vhd                         ; yes             ; User VHDL File  ; C:/Users/oldfa/Documents/rafids stuff/swapCircuit/regn.vhd       ;
; trin.vhd                         ; yes             ; User VHDL File  ; C:/Users/oldfa/Documents/rafids stuff/swapCircuit/trin.vhd       ;
; shiftr.vhd                       ; yes             ; User VHDL File  ; C:/Users/oldfa/Documents/rafids stuff/swapCircuit/shiftr.vhd     ;
; components.vhd                   ; yes             ; User VHDL File  ; C:/Users/oldfa/Documents/rafids stuff/swapCircuit/components.vhd ;
+----------------------------------+-----------------+-----------------+------------------------------------------------------------------+


+-----------------------------------------------------+
; Analysis & Synthesis Resource Usage Summary         ;
+---------------------------------------------+-------+
; Resource                                    ; Usage ;
+---------------------------------------------+-------+
; Estimated Total logic elements              ; 55    ;
;                                             ;       ;
; Total combinational functions               ; 28    ;
; Logic element usage by number of LUT inputs ;       ;
;     -- 4 input functions                    ; 17    ;
;     -- 3 input functions                    ; 0     ;
;     -- <=2 input functions                  ; 11    ;
;                                             ;       ;
; Logic elements by mode                      ;       ;
;     -- normal mode                          ; 28    ;
;     -- arithmetic mode                      ; 0     ;
;                                             ;       ;
; Total registers                             ; 27    ;
;     -- Dedicated logic registers            ; 27    ;
;     -- I/O registers                        ; 0     ;
;                                             ;       ;
; I/O pins                                    ; 23    ;
; Maximum fan-out node                        ; clock ;
; Maximum fan-out                             ; 27    ;
; Total fan-out                               ; 187   ;
; Average fan-out                             ; 2.40  ;
+---------------------------------------------+-------+


+------------------------------------------------------------------------------------------------------------------------------------------------------------------------------+
; Analysis & Synthesis Resource Utilization by Entity                                                                                                                          ;
+----------------------------+-------------------+--------------+-------------+--------------+---------+-----------+------+--------------+----------------------+--------------+
; Compilation Hierarchy Node ; LC Combinationals ; LC Registers ; Memory Bits ; DSP Elements ; DSP 9x9 ; DSP 18x18 ; Pins ; Virtual Pins ; Full Hierarchy Name  ; Library Name ;
+----------------------------+-------------------+--------------+-------------+--------------+---------+-----------+------+--------------+----------------------+--------------+
; |swap                      ; 28 (3)            ; 27 (0)       ; 0           ; 0            ; 0       ; 0         ; 23   ; 0            ; |swap                ; work         ;
;    |regn:reg1|             ; 0 (0)             ; 8 (8)        ; 0           ; 0            ; 0       ; 0         ; 0    ; 0            ; |swap|regn:reg1      ; work         ;
;    |regn:reg2|             ; 0 (0)             ; 8 (8)        ; 0           ; 0            ; 0       ; 0         ; 0    ; 0            ; |swap|regn:reg2      ; work         ;
;    |regn:reg3|             ; 0 (0)             ; 8 (8)        ; 0           ; 0            ; 0       ; 0         ; 0    ; 0            ; |swap|regn:reg3      ; work         ;
;    |shiftr:control|        ; 0 (0)             ; 3 (3)        ; 0           ; 0            ; 0       ; 0         ; 0    ; 0            ; |swap|shiftr:control ;              ;
;    |trin:tri3|             ; 25 (25)           ; 0 (0)        ; 0           ; 0            ; 0       ; 0         ; 0    ; 0            ; |swap|trin:tri3      ; work         ;
+----------------------------+-------------------+--------------+-------------+--------------+---------+-----------+------+--------------+----------------------+--------------+
Note: For table entries with two numbers listed, the numbers in parentheses indicate the number of resources of the given type used by the specific entity alone. The numbers listed outside of parentheses indicate the total resources of the given type used by the specific entity and all of its sub-entities in the hierarchy.


+------------------------------------------------------+
; General Register Statistics                          ;
+----------------------------------------------+-------+
; Statistic                                    ; Value ;
+----------------------------------------------+-------+
; Total registers                              ; 27    ;
; Number of registers using Synchronous Clear  ; 0     ;
; Number of registers using Synchronous Load   ; 0     ;
; Number of registers using Asynchronous Clear ; 3     ;
; Number of registers using Asynchronous Load  ; 0     ;
; Number of registers using Clock Enable       ; 24    ;
; Number of registers using Preset             ; 0     ;
+----------------------------------------------+-------+


+-------------------------------------------------------------+
; Parameter Settings for User Entity Instance: shiftr:control ;
+----------------+-------+------------------------------------+
; Parameter Name ; Value ; Type                               ;
+----------------+-------+------------------------------------+
; n              ; 3     ; Signed Integer                     ;
+----------------+-------+------------------------------------+
Note: In order to hide this table in the UI and the text report file, please set the "Show Parameter Settings Tables in Synthesis Report" option in "Analysis and Synthesis Settings -> More Settings" to "Off".


+-----------------------------------------------------------+
; Parameter Settings for User Entity Instance: trin:tri_ext ;
+----------------+-------+----------------------------------+
; Parameter Name ; Value ; Type                             ;
+----------------+-------+----------------------------------+
; N              ; 8     ; Signed Integer                   ;
+----------------+-------+----------------------------------+
Note: In order to hide this table in the UI and the text report file, please set the "Show Parameter Settings Tables in Synthesis Report" option in "Analysis and Synthesis Settings -> More Settings" to "Off".


+--------------------------------------------------------+
; Parameter Settings for User Entity Instance: regn:reg1 ;
+----------------+-------+-------------------------------+
; Parameter Name ; Value ; Type                          ;
+----------------+-------+-------------------------------+
; N              ; 8     ; Signed Integer                ;
+----------------+-------+-------------------------------+
Note: In order to hide this table in the UI and the text report file, please set the "Show Parameter Settings Tables in Synthesis Report" option in "Analysis and Synthesis Settings -> More Settings" to "Off".


+--------------------------------------------------------+
; Parameter Settings for User Entity Instance: regn:reg2 ;
+----------------+-------+-------------------------------+
; Parameter Name ; Value ; Type                          ;
+----------------+-------+-------------------------------+
; N              ; 8     ; Signed Integer                ;
+----------------+-------+-------------------------------+
Note: In order to hide this table in the UI and the text report file, please set the "Show Parameter Settings Tables in Synthesis Report" option in "Analysis and Synthesis Settings -> More Settings" to "Off".


+--------------------------------------------------------+
; Parameter Settings for User Entity Instance: regn:reg3 ;
+----------------+-------+-------------------------------+
; Parameter Name ; Value ; Type                          ;
+----------------+-------+-------------------------------+
; N              ; 8     ; Signed Integer                ;
+----------------+-------+-------------------------------+
Note: In order to hide this table in the UI and the text report file, please set the "Show Parameter Settings Tables in Synthesis Report" option in "Analysis and Synthesis Settings -> More Settings" to "Off".


+--------------------------------------------------------+
; Parameter Settings for User Entity Instance: trin:tri1 ;
+----------------+-------+-------------------------------+
; Parameter Name ; Value ; Type                          ;
+----------------+-------+-------------------------------+
; N              ; 8     ; Signed Integer                ;
+----------------+-------+-------------------------------+
Note: In order to hide this table in the UI and the text report file, please set the "Show Parameter Settings Tables in Synthesis Report" option in "Analysis and Synthesis Settings -> More Settings" to "Off".


+--------------------------------------------------------+
; Parameter Settings for User Entity Instance: trin:tri2 ;
+----------------+-------+-------------------------------+
; Parameter Name ; Value ; Type                          ;
+----------------+-------+-------------------------------+
; N              ; 8     ; Signed Integer                ;
+----------------+-------+-------------------------------+
Note: In order to hide this table in the UI and the text report file, please set the "Show Parameter Settings Tables in Synthesis Report" option in "Analysis and Synthesis Settings -> More Settings" to "Off".


+--------------------------------------------------------+
; Parameter Settings for User Entity Instance: trin:tri3 ;
+----------------+-------+-------------------------------+
; Parameter Name ; Value ; Type                          ;
+----------------+-------+-------------------------------+
; N              ; 8     ; Signed Integer                ;
+----------------+-------+-------------------------------+
Note: In order to hide this table in the UI and the text report file, please set the "Show Parameter Settings Tables in Synthesis Report" option in "Analysis and Synthesis Settings -> More Settings" to "Off".


+-------------------------------+
; Analysis & Synthesis Messages ;
+-------------------------------+
Info: *******************************************************************
Info: Running Quartus II Analysis & Synthesis
    Info: Version 9.1 Build 350 03/24/2010 Service Pack 2 SJ Web Edition
    Info: Processing started: Tue Jul 09 15:01:01 2024
Info: Command: quartus_map --read_settings_files=on --write_settings_files=off swap -c swap
Info: Found 2 design units, including 1 entities, in source file swap.vhd
    Info: Found design unit 1: swap-behavioral
    Info: Found entity 1: swap
Info: Found 2 design units, including 1 entities, in source file regn.vhd
    Info: Found design unit 1: regn-behavioral
    Info: Found entity 1: regn
Info: Found 2 design units, including 1 entities, in source file trin.vhd
    Info: Found design unit 1: trin-behavioral
    Info: Found entity 1: trin
Info: Found 2 design units, including 1 entities, in source file shiftr.vhd
    Info: Found design unit 1: shiftr-behavioral
    Info: Found entity 1: shiftr
Info: Found 1 design units, including 0 entities, in source file components.vhd
    Info: Found design unit 1: components
Info: Elaborating entity "swap" for the top level hierarchy
Info: Elaborating entity "shiftr" for hierarchy "shiftr:control"
Info: Elaborating entity "trin" for hierarchy "trin:tri_ext"
Info: Elaborating entity "regn" for hierarchy "regn:reg1"
Info: Implemented 78 device resources after synthesis - the final resource count might be different
    Info: Implemented 15 input pins
    Info: Implemented 0 output pins
    Info: Implemented 8 bidirectional pins
    Info: Implemented 55 logic cells
Info: Quartus II Analysis & Synthesis was successful. 0 errors, 0 warnings
    Info: Peak virtual memory: 243 megabytes
    Info: Processing ended: Tue Jul 09 15:01:02 2024
    Info: Elapsed time: 00:00:01
    Info: Total CPU time (on all processors): 00:00:01


